<?xml version="1.0" encoding="UTF-8"?>
<testsuite name="connect.JDxServerTest" tests="1" skipped="0" failures="0" errors="0" timestamp="2020-07-12T22:00:43" hostname="DESKTOP-RN16ONK" time="0.003">
  <properties/>
  <testcase name="testStart" classname="connect.JDxServerTest" time="0.003"/>
  <system-out><![CDATA[]]></system-out>
  <system-err><![CDATA[]]></system-err>
</testsuite>
